2019-09-16T17:12:11+00:00 INFO Generating payment form for order 86. Notify URL: http://localhost/tiendadota2/wc-api/WC_Gateway_Paypal/
2019-09-16T17:12:11+00:00 INFO PayPal Request Args for order 86: Array
(
    [cmd] => _cart
    [business] => bladimir@gmail.com
    [no_note] => 1
    [currency_code] => USD
    [charset] => utf-8
    [rm] => 1
    [upload] => 1
    [return] => http://localhost/tiendadota2/checkout/order-received/86/?key=wc_order_gxeL7esu4SleG&utm_nooverride=1
    [cancel_return] => http://localhost/tiendadota2/cart/?cancel_order=true&order=wc_order_gxeL7esu4SleG&order_id=86&redirect&_wpnonce=8744de964c
    [page_style] => 
    [image_url] => 
    [paymentaction] => sale
    [invoice] => WC-86
    [custom] => {"order_id":86,"order_key":"wc_order_gxeL7esu4SleG"}
    [notify_url] => http://localhost/tiendadota2/wc-api/WC_Gateway_Paypal/
    [first_name] => ***
    [last_name] => ***
    [address1] => ***
    [address2] => ***
    [city] => ***
    [state] => ***
    [zip] => ***
    [country] => ***
    [email] => ***@***
    [night_phone_a] => ***
    [night_phone_b] => ***
    [address_override] => 0
    [no_shipping] => 0
    [tax_cart] => 0.00
    [discount_amount_cart] => 2.00
    [item_name_1] => Cuernos Fractales del Abismo Interior
    [quantity_1] => 1
    [amount_1] => 33
    [item_number_1] => AB002
    [bn] => WooThemes_Cart
)

